<?xml version="1.0" encoding="UTF-8"?>
<!-- Generated by org.testng.reporters.JUnitXMLReporter -->
<testsuite ignored="0" hostname="FFE-Divya-N" failures="1" tests="2" name="Test" time="22.059" errors="0" timestamp="2025-11-09T20:01:48 IST">
  <testcase classname="Testcases.TC01_AccountRegistrationTest" name="verify_account_registration" time="3.852"/>
  <testcase classname="Testcases.TC01_LoginTest" name="verify_login" time="6.565">
    <failure type="java.lang.AssertionError" message="expected [true] but found [false]">
      <![CDATA[java.lang.AssertionError: expected [true] but found [false]
at Testcases.TC01_LoginTest.verify_login(TC01_LoginTest.java:32)
at java.base/java.util.ArrayList.forEach(ArrayList.java:1511)
... Removed 31 stack frames]]>
    </failure>
  </testcase> <!-- verify_login -->
</testsuite> <!-- Test -->
