<?xml version="1.0" encoding="UTF-8"?>
<!-- Generated by org.testng.reporters.JUnitXMLReporter -->
<testsuite ignored="1" hostname="FFE-Divya-N" failures="0" tests="1" name="Test" time="5.317" errors="0" timestamp="2025-12-06T05:26:08 IST">
  <testcase classname="Testcases.TC01_LoginTest" name="verify_login" time="1.683"/>
  <testcase classname="Testcases.TC01_AccountRegistrationTest" name="verify_account_registration" time="0.0">
    <ignored/>
  </testcase> <!-- verify_account_registration -->
</testsuite> <!-- Test -->
