<?xml version="1.0" encoding="UTF-8"?>
<!-- Generated by org.testng.reporters.JUnitXMLReporter -->
<testsuite ignored="0" hostname="FFE-Divya-N" failures="1" tests="1" name="Testfirefox" time="7.359" errors="0" timestamp="2025-11-09T16:20:25 IST">
  <testcase classname="Testcases.AccountRegistrationTest" name="verify_account_registration" time="1.671">
    <failure type="java.lang.AssertionError" message="expected [Your Account Has Been Created((!] but found [Your Account Has Been Created!]">
      <![CDATA[java.lang.AssertionError: expected [Your Account Has Been Created((!] but found [Your Account Has Been Created!]
at Testcases.AccountRegistrationTest.verify_account_registration(AccountRegistrationTest.java:52)
at java.base/java.util.ArrayList.forEach(ArrayList.java:1511)
at java.base/java.util.concurrent.FutureTask.run(FutureTask.java:264)
at java.base/java.util.concurrent.ThreadPoolExecutor.runWorker(ThreadPoolExecutor.java:1136)
at java.base/java.util.concurrent.ThreadPoolExecutor$Worker.run(ThreadPoolExecutor.java:635)
at java.base/java.lang.Thread.run(Thread.java:840)
... Removed 23 stack frames]]>
    </failure>
  </testcase> <!-- verify_account_registration -->
</testsuite> <!-- Testfirefox -->
