<?xml version="1.0" encoding="UTF-8"?>
<!-- Generated by org.testng.reporters.JUnitXMLReporter -->
<testsuite ignored="0" hostname="FFE-Divya-N" failures="2" tests="5" name="Test" time="31.87" errors="0" timestamp="2025-11-09T19:12:52 IST">
  <testcase classname="Testcases.TC03_LoginDDT" name="verify_login" time="5.611">
    <failure type="java.lang.AssertionError" message="expected [true] but found [false]">
      <![CDATA[java.lang.AssertionError: expected [true] but found [false]
at Testcases.TC03_LoginDDT.verify_login(TC03_LoginDDT.java:51)
at java.base/java.util.ArrayList.forEach(ArrayList.java:1511)
at java.base/java.util.concurrent.FutureTask.run(FutureTask.java:264)
at java.base/java.util.concurrent.ThreadPoolExecutor.runWorker(ThreadPoolExecutor.java:1136)
at java.base/java.util.concurrent.ThreadPoolExecutor$Worker.run(ThreadPoolExecutor.java:635)
at java.base/java.lang.Thread.run(Thread.java:840)
... Removed 21 stack frames]]>
    </failure>
  </testcase> <!-- verify_login -->
  <testcase classname="Testcases.TC03_LoginDDT" name="verify_login" time="5.412"/>
  <testcase classname="Testcases.TC03_LoginDDT" name="verify_login" time="5.434"/>
  <testcase classname="Testcases.TC03_LoginDDT" name="verify_login" time="5.418"/>
  <testcase classname="Testcases.TC03_LoginDDT" name="verify_login" time="5.494">
    <failure type="java.lang.AssertionError" message="expected [true] but found [false]">
      <![CDATA[java.lang.AssertionError: expected [true] but found [false]
at Testcases.TC03_LoginDDT.verify_login(TC03_LoginDDT.java:51)
at java.base/java.util.ArrayList.forEach(ArrayList.java:1511)
at java.base/java.util.concurrent.FutureTask.run(FutureTask.java:264)
at java.base/java.util.concurrent.ThreadPoolExecutor.runWorker(ThreadPoolExecutor.java:1136)
at java.base/java.util.concurrent.ThreadPoolExecutor$Worker.run(ThreadPoolExecutor.java:635)
at java.base/java.lang.Thread.run(Thread.java:840)
... Removed 21 stack frames]]>
    </failure>
  </testcase> <!-- verify_login -->
</testsuite> <!-- Test -->
