<?xml version="1.0" encoding="UTF-8"?>
<testng-results ignored="0" total="2" passed="2" failed="0" skipped="0">
  <reporter-output>
  </reporter-output>
  <suite started-at="2025-11-12T12:22:57 IST" name="Suite" finished-at="2025-11-12T12:23:12 IST" duration-ms="15039">
    <groups>
      <group name="Master">
        <method signature="TC01_LoginTest.verify_login()[pri:0, instance:Testcases.TC01_LoginTest@2445445a]" name="verify_login" class="Testcases.TC01_LoginTest"/>
        <method signature="TC01_LoginTest.verify_login()[pri:0, instance:Testcases.TC01_LoginTest@63f8276e]" name="verify_login" class="Testcases.TC01_LoginTest"/>
      </group> <!-- Master -->
      <group name="Sanity">
        <method signature="TC01_LoginTest.verify_login()[pri:0, instance:Testcases.TC01_LoginTest@2445445a]" name="verify_login" class="Testcases.TC01_LoginTest"/>
        <method signature="TC01_LoginTest.verify_login()[pri:0, instance:Testcases.TC01_LoginTest@63f8276e]" name="verify_login" class="Testcases.TC01_LoginTest"/>
      </group> <!-- Sanity -->
    </groups>
    <test started-at="2025-11-12T12:22:57 IST" name="chomeTest" finished-at="2025-11-12T12:23:07 IST" duration-ms="9723">
      <class name="Testcases.TC01_LoginTest">
        <test-method is-config="true" signature="setup(java.lang.String,java.lang.String)[pri:0, instance:Testcases.TC01_LoginTest@2445445a]" started-at="2025-11-12T12:22:57 IST" name="setup" finished-at="2025-11-12T12:23:03 IST" duration-ms="5733" status="PASS">
          <params>
            <param index="0">
              <value>
                <![CDATA[windows]]>
              </value>
            </param>
            <param index="1">
              <value>
                <![CDATA[chrome]]>
              </value>
            </param>
          </params>
          <reporter-output>
          </reporter-output>
        </test-method> <!-- setup -->
        <test-method signature="verify_login()[pri:0, instance:Testcases.TC01_LoginTest@2445445a]" started-at="2025-11-12T12:23:03 IST" name="verify_login" finished-at="2025-11-12T12:23:06 IST" duration-ms="3336" status="PASS">
          <reporter-output>
          </reporter-output>
        </test-method> <!-- verify_login -->
        <test-method is-config="true" signature="teaeDown()[pri:0, instance:Testcases.TC01_LoginTest@2445445a]" started-at="2025-11-12T12:23:06 IST" name="teaeDown" finished-at="2025-11-12T12:23:07 IST" duration-ms="548" status="PASS">
          <reporter-output>
          </reporter-output>
        </test-method> <!-- teaeDown -->
      </class> <!-- Testcases.TC01_LoginTest -->
    </test> <!-- chomeTest -->
    <test started-at="2025-11-12T12:22:57 IST" name="firefoxTest" finished-at="2025-11-12T12:23:12 IST" duration-ms="15039">
      <class name="Testcases.TC01_LoginTest">
        <test-method is-config="true" signature="setup(java.lang.String,java.lang.String)[pri:0, instance:Testcases.TC01_LoginTest@63f8276e]" started-at="2025-11-12T12:22:57 IST" name="setup" finished-at="2025-11-12T12:23:09 IST" duration-ms="11783" status="PASS">
          <params>
            <param index="0">
              <value>
                <![CDATA[windows]]>
              </value>
            </param>
            <param index="1">
              <value>
                <![CDATA[firefox]]>
              </value>
            </param>
          </params>
          <reporter-output>
          </reporter-output>
        </test-method> <!-- setup -->
        <test-method signature="verify_login()[pri:0, instance:Testcases.TC01_LoginTest@63f8276e]" started-at="2025-11-12T12:23:09 IST" name="verify_login" finished-at="2025-11-12T12:23:11 IST" duration-ms="1705" status="PASS">
          <reporter-output>
          </reporter-output>
        </test-method> <!-- verify_login -->
        <test-method is-config="true" signature="teaeDown()[pri:0, instance:Testcases.TC01_LoginTest@63f8276e]" started-at="2025-11-12T12:23:11 IST" name="teaeDown" finished-at="2025-11-12T12:23:12 IST" duration-ms="1503" status="PASS">
          <reporter-output>
          </reporter-output>
        </test-method> <!-- teaeDown -->
      </class> <!-- Testcases.TC01_LoginTest -->
    </test> <!-- firefoxTest -->
  </suite> <!-- Suite -->
</testng-results>
