<?xml version="1.0" encoding="UTF-8"?>
<testng-results ignored="0" total="3" passed="3" failed="0" skipped="0">
  <reporter-output>
  </reporter-output>
  <suite started-at="2025-12-07T14:07:26 IST" name="Suite" finished-at="2025-12-07T14:07:53 IST" duration-ms="26767">
    <groups>
      <group name="Master">
        <method signature="TC01_LoginTest.verify_login()[pri:0, instance:Testcases.TC01_LoginTest@5d8bafa9]" name="verify_login" class="Testcases.TC01_LoginTest"/>
        <method signature="TC01_AccountRegistrationTest.verify_account_registration()[pri:0, instance:Testcases.TC01_AccountRegistrationTest@6d9f7a80]" name="verify_account_registration" class="Testcases.TC01_AccountRegistrationTest"/>
        <method signature="TC01_LoginTest.verify_login()[pri:0, instance:Testcases.TC01_LoginTest@5ccbeb64]" name="verify_login" class="Testcases.TC01_LoginTest"/>
      </group> <!-- Master -->
      <group name="Sanity">
        <method signature="TC01_LoginTest.verify_login()[pri:0, instance:Testcases.TC01_LoginTest@5d8bafa9]" name="verify_login" class="Testcases.TC01_LoginTest"/>
        <method signature="TC01_LoginTest.verify_login()[pri:0, instance:Testcases.TC01_LoginTest@5ccbeb64]" name="verify_login" class="Testcases.TC01_LoginTest"/>
      </group> <!-- Sanity -->
      <group name="Regression">
        <method signature="TC01_AccountRegistrationTest.verify_account_registration()[pri:0, instance:Testcases.TC01_AccountRegistrationTest@6d9f7a80]" name="verify_account_registration" class="Testcases.TC01_AccountRegistrationTest"/>
      </group> <!-- Regression -->
    </groups>
    <test started-at="2025-12-07T14:07:26 IST" name="chomeTest" finished-at="2025-12-07T14:07:36 IST" duration-ms="9387">
      <class name="Testcases.TC01_LoginTest">
        <test-method is-config="true" signature="setup(java.lang.String,java.lang.String)[pri:0, instance:Testcases.TC01_LoginTest@5d8bafa9]" started-at="2025-12-07T14:07:27 IST" name="setup" finished-at="2025-12-07T14:07:32 IST" duration-ms="5050" status="PASS">
          <params>
            <param index="0">
              <value>
                <![CDATA[windows]]>
              </value>
            </param>
            <param index="1">
              <value>
                <![CDATA[chrome]]>
              </value>
            </param>
          </params>
          <reporter-output>
          </reporter-output>
        </test-method> <!-- setup -->
        <test-method signature="verify_login()[pri:0, instance:Testcases.TC01_LoginTest@5d8bafa9]" started-at="2025-12-07T14:07:32 IST" name="verify_login" finished-at="2025-12-07T14:07:35 IST" duration-ms="3171" status="PASS">
          <reporter-output>
          </reporter-output>
        </test-method> <!-- verify_login -->
        <test-method is-config="true" signature="teaeDown()[pri:0, instance:Testcases.TC01_LoginTest@5d8bafa9]" started-at="2025-12-07T14:07:35 IST" name="teaeDown" finished-at="2025-12-07T14:07:36 IST" duration-ms="458" status="PASS">
          <reporter-output>
          </reporter-output>
        </test-method> <!-- teaeDown -->
      </class> <!-- Testcases.TC01_LoginTest -->
    </test> <!-- chomeTest -->
    <test started-at="2025-12-07T14:07:26 IST" name="firefoxTest" finished-at="2025-12-07T14:07:53 IST" duration-ms="26767">
      <class name="Testcases.TC01_LoginTest">
        <test-method is-config="true" signature="setup(java.lang.String,java.lang.String)[pri:0, instance:Testcases.TC01_LoginTest@5ccbeb64]" started-at="2025-12-07T14:07:27 IST" name="setup" finished-at="2025-12-07T14:07:38 IST" duration-ms="11122" status="PASS">
          <params>
            <param index="0">
              <value>
                <![CDATA[windows]]>
              </value>
            </param>
            <param index="1">
              <value>
                <![CDATA[firefox]]>
              </value>
            </param>
          </params>
          <reporter-output>
          </reporter-output>
        </test-method> <!-- setup -->
        <test-method signature="verify_login()[pri:0, instance:Testcases.TC01_LoginTest@5ccbeb64]" started-at="2025-12-07T14:07:38 IST" name="verify_login" finished-at="2025-12-07T14:07:40 IST" duration-ms="2011" status="PASS">
          <reporter-output>
          </reporter-output>
        </test-method> <!-- verify_login -->
        <test-method is-config="true" signature="teaeDown()[pri:0, instance:Testcases.TC01_LoginTest@5ccbeb64]" started-at="2025-12-07T14:07:40 IST" name="teaeDown" finished-at="2025-12-07T14:07:42 IST" duration-ms="2112" status="PASS">
          <reporter-output>
          </reporter-output>
        </test-method> <!-- teaeDown -->
      </class> <!-- Testcases.TC01_LoginTest -->
      <class name="Testcases.TC01_AccountRegistrationTest">
        <test-method is-config="true" signature="setup(java.lang.String,java.lang.String)[pri:0, instance:Testcases.TC01_AccountRegistrationTest@6d9f7a80]" started-at="2025-12-07T14:07:42 IST" name="setup" finished-at="2025-12-07T14:07:49 IST" duration-ms="6688" status="PASS">
          <params>
            <param index="0">
              <value>
                <![CDATA[windows]]>
              </value>
            </param>
            <param index="1">
              <value>
                <![CDATA[firefox]]>
              </value>
            </param>
          </params>
          <reporter-output>
          </reporter-output>
        </test-method> <!-- setup -->
        <test-method signature="verify_account_registration()[pri:0, instance:Testcases.TC01_AccountRegistrationTest@6d9f7a80]" started-at="2025-12-07T14:07:49 IST" name="verify_account_registration" finished-at="2025-12-07T14:07:51 IST" duration-ms="2381" status="PASS">
          <reporter-output>
          </reporter-output>
        </test-method> <!-- verify_account_registration -->
        <test-method is-config="true" signature="teaeDown()[pri:0, instance:Testcases.TC01_AccountRegistrationTest@6d9f7a80]" started-at="2025-12-07T14:07:51 IST" name="teaeDown" finished-at="2025-12-07T14:07:53 IST" duration-ms="1836" status="PASS">
          <reporter-output>
          </reporter-output>
        </test-method> <!-- teaeDown -->
      </class> <!-- Testcases.TC01_AccountRegistrationTest -->
    </test> <!-- firefoxTest -->
  </suite> <!-- Suite -->
</testng-results>
